among-us-clonecoding/Temp/gradleOut/launcher/build/intermediates/manifest_merge_blame_file/release/manifest-merger-blame-release-report.txt
1<?xml version="1.0" encoding="utf-8"?>
2<!-- GENERATED BY UNITY. REMOVE THIS COMMENT TO PREVENT OVERWRITING WHEN EXPORTING AGAIN -->
3<manifest xmlns:android="http://schemas.android.com/apk/res/android"
4    package="com.UihwanLee.AmongUs"
5    android:installLocation="preferExternal"
6    android:versionCode="1"
7    android:versionName="1.0" >
8
9    <uses-sdk
10        android:minSdkVersion="19"
10-->src\main\AndroidManifest.xml
11        android:targetSdkVersion="29" />
11-->src\main\AndroidManifest.xml
12
13    <supports-screens
13-->src\main\AndroidManifest.xml:4:3-163
14        android:anyDensity="true"
14-->src\main\AndroidManifest.xml:4:135-160
15        android:largeScreens="true"
15-->src\main\AndroidManifest.xml:4:78-105
16        android:normalScreens="true"
16-->src\main\AndroidManifest.xml:4:49-77
17        android:smallScreens="true"
17-->src\main\AndroidManifest.xml:4:21-48
18        android:xlargeScreens="true" />
18-->src\main\AndroidManifest.xml:4:106-134
19
20    <uses-feature android:glEsVersion="0x00030000" />
20-->[:unityLibrary] AndroidManifest.xml:13:5-54
20-->[:unityLibrary] AndroidManifest.xml:13:19-51
21    <uses-feature
21-->[:unityLibrary] AndroidManifest.xml:14:5-16:36
22        android:name="android.hardware.vulkan.version"
22-->[:unityLibrary] AndroidManifest.xml:15:9-55
23        android:required="false" />
23-->[:unityLibrary] AndroidManifest.xml:16:9-33
24
25    <uses-permission android:name="android.permission.INTERNET" />
25-->[:unityLibrary] AndroidManifest.xml:18:5-67
25-->[:unityLibrary] AndroidManifest.xml:18:22-64
26
27    <uses-feature
27-->[:unityLibrary] AndroidManifest.xml:20:5-22:36
28        android:name="android.hardware.touchscreen"
28-->[:unityLibrary] AndroidManifest.xml:21:9-52
29        android:required="false" />
29-->[:unityLibrary] AndroidManifest.xml:22:9-33
30    <uses-feature
30-->[:unityLibrary] AndroidManifest.xml:23:5-25:36
31        android:name="android.hardware.touchscreen.multitouch"
31-->[:unityLibrary] AndroidManifest.xml:24:9-63
32        android:required="false" />
32-->[:unityLibrary] AndroidManifest.xml:25:9-33
33    <uses-feature
33-->[:unityLibrary] AndroidManifest.xml:26:5-28:36
34        android:name="android.hardware.touchscreen.multitouch.distinct"
34-->[:unityLibrary] AndroidManifest.xml:27:9-72
35        android:required="false" />
35-->[:unityLibrary] AndroidManifest.xml:28:9-33
36
37    <uses-permission android:name="android.permission.CHANGE_WIFI_MULTICAST_STATE" />
37-->[:unityLibrary] AndroidManifest.xml:30:5-86
37-->[:unityLibrary] AndroidManifest.xml:30:22-83
38
39    <application
39-->src\main\AndroidManifest.xml:5:3-116
40        android:extractNativeLibs="true"
40-->src\main\AndroidManifest.xml:5:16-48
41        android:icon="@mipmap/app_icon"
41-->src\main\AndroidManifest.xml:5:82-113
42        android:label="@string/app_name" >
42-->src\main\AndroidManifest.xml:5:49-81
43        <activity
43-->[:unityLibrary] AndroidManifest.xml:33:9-52:20
44            android:name="com.unity3d.player.UnityPlayerActivity"
44-->[:unityLibrary] AndroidManifest.xml:34:13-66
45            android:configChanges="mcc|mnc|locale|touchscreen|keyboard|keyboardHidden|navigation|orientation|screenLayout|uiMode|screenSize|smallestScreenSize|fontScale|layoutDirection|density"
45-->[:unityLibrary] AndroidManifest.xml:35:13-194
46            android:hardwareAccelerated="false"
46-->[:unityLibrary] AndroidManifest.xml:36:13-48
47            android:launchMode="singleTask"
47-->[:unityLibrary] AndroidManifest.xml:37:13-44
48            android:screenOrientation="reverseLandscape"
48-->[:unityLibrary] AndroidManifest.xml:38:13-57
49            android:theme="@style/UnityThemeSelector" >
49-->[:unityLibrary] AndroidManifest.xml:39:13-54
50            <intent-filter>
50-->[:unityLibrary] AndroidManifest.xml:40:13-44:29
51                <action android:name="android.intent.action.MAIN" />
51-->[:unityLibrary] AndroidManifest.xml:41:17-69
51-->[:unityLibrary] AndroidManifest.xml:41:25-66
52
53                <category android:name="android.intent.category.LAUNCHER" />
53-->[:unityLibrary] AndroidManifest.xml:43:17-77
53-->[:unityLibrary] AndroidManifest.xml:43:27-74
54            </intent-filter>
55
56            <meta-data
56-->[:unityLibrary] AndroidManifest.xml:46:13-48:40
57                android:name="unityplayer.UnityActivity"
57-->[:unityLibrary] AndroidManifest.xml:47:17-57
58                android:value="true" />
58-->[:unityLibrary] AndroidManifest.xml:48:17-37
59            <meta-data
59-->[:unityLibrary] AndroidManifest.xml:49:13-51:40
60                android:name="android.notch_support"
60-->[:unityLibrary] AndroidManifest.xml:50:17-53
61                android:value="true" />
61-->[:unityLibrary] AndroidManifest.xml:51:17-37
62        </activity>
63
64        <meta-data
64-->[:unityLibrary] AndroidManifest.xml:54:9-56:33
65            android:name="unity.splash-mode"
65-->[:unityLibrary] AndroidManifest.xml:55:13-45
66            android:value="0" />
66-->[:unityLibrary] AndroidManifest.xml:56:13-30
67        <meta-data
67-->[:unityLibrary] AndroidManifest.xml:57:9-59:36
68            android:name="unity.splash-enable"
68-->[:unityLibrary] AndroidManifest.xml:58:13-47
69            android:value="True" />
69-->[:unityLibrary] AndroidManifest.xml:59:13-33
70        <meta-data
70-->[:unityLibrary] AndroidManifest.xml:60:9-62:50
71            android:name="notch.config"
71-->[:unityLibrary] AndroidManifest.xml:61:13-40
72            android:value="portrait|landscape" />
72-->[:unityLibrary] AndroidManifest.xml:62:13-47
73        <meta-data
73-->[:unityLibrary] AndroidManifest.xml:63:9-65:68
74            android:name="unity.build-id"
74-->[:unityLibrary] AndroidManifest.xml:64:13-42
75            android:value="2c2cd253-b79f-4a27-a41e-6b64c480cd1b" />
75-->[:unityLibrary] AndroidManifest.xml:65:13-65
76    </application>
77
78</manifest>